<?xml version="1.0" encoding="UTF-8"?>
<!-- Generated by org.testng.reporters.JUnitXMLReporter -->
<testsuite ignored="0" hostname="Thotta-210694" failures="1" tests="5" name="FlipKart_Automation" time="171.389" errors="0" timestamp="2025-07-28T21:16:08 IST">
  <testcase classname="flipkarttest.LoginTest" name="loginWithMobile" time="16.263"/>
  <testcase classname="flipkarttest.SearchTest" name="searchDifferentProducts" time="14.434"/>
  <testcase classname="flipkarttest.AddToCartTest" name="searchDifferentProducts" time="13.382"/>
  <testcase classname="flipkarttest.ProductTest" name="endToEndTest" time="41.324">
    <failure type="java.lang.AssertionError" message="End-to-End test failed: Expected condition failed: waiting for element to be clickable: Proxy element for: DefaultElementLocator &amp;apos;By.xpath: //button[@class=&amp;apos;QqFHMw FA45gW _7Pd1Fp&amp;apos;]&amp;apos; (tried for 10 second(s) with 500 milliseconds interval)">
      <![CDATA[java.lang.AssertionError: End-to-End test failed: Expected condition failed: waiting for element to be clickable: Proxy element for: DefaultElementLocator 'By.xpath: //button[@class='QqFHMw FA45gW _7Pd1Fp']' (tried for 10 second(s) with 500 milliseconds interval)
at flipkarttest.ProductTest.endToEndTest(ProductTest.java:73)
at java.base/java.util.ArrayList.forEach(ArrayList.java:1597)
... Removed 26 stack frames]]>
    </failure>
  </testcase> <!-- endToEndTest -->
  <testcase classname="flipkarttest.LogoutTest" name="loginAndLogout" time="53.851"/>
</testsuite> <!-- FlipKart_Automation -->
